Starting for channel 'mychannel' with CLI timeout of '10' seconds and CLI delay of '3' seconds
Continue? [Y/n] proceeding ...
LOCAL_VERSION=1.3.0
DOCKER_IMAGE_VERSION=1.3.0
Creating network "net_byfn" with the default driver
Creating volume "net_peer0.org2.example.com" with default driver
Creating volume "net_peer1.org2.example.com" with default driver
Creating volume "net_peer1.org1.example.com" with default driver
Creating volume "net_peer0.org1.example.com" with default driver
Creating volume "net_orderer.example.com" with default driver
Creating peer0.org1.example.com ... 
Creating peer1.org2.example.com ... 
Creating peer1.org1.example.com ... 
Creating peer0.org2.example.com ... 
Creating peer0.org1.example.com
Creating orderer.example.com ... 
Creating peer1.org2.example.com
Creating peer0.org2.example.com
Creating peer1.org1.example.com
Creating orderer.example.com
[1A[2KCreating peer1.org2.example.com ... [32mdone[0m[1B[1A[2KCreating orderer.example.com ... [32mdone[0m[1B[1A[2KCreating peer0.org2.example.com ... [32mdone[0m[1B[1A[2KCreating peer1.org1.example.com ... [32mdone[0m[1B[1A[2KCreating peer0.org1.example.com ... [32mdone[0m[1BCreating cli ... 
Creating cli
[1A[2KCreating cli ... [32mdone[0m[1B
 ____    _____      _      ____    _____ 
/ ___|  |_   _|    / \    |  _ \  |_   _|
\___ \    | |     / _ \   | |_) |   | |  
 ___) |   | |    / ___ \  |  _ <    | |  
|____/    |_|   /_/   \_\ |_| \_\   |_|  

Build your first network (BYFN) end-to-end test

Channel name : mychannel
Creating channel...
+ peer channel create -o orderer.example.com:7050 -c mychannel -f ./channel-artifacts/channel.tx --tls true --cafile /opt/gopath/src/github.com/hyperledger/fabric/peer/crypto/ordererOrganizations/example.com/orderers/orderer.example.com/msp/tlscacerts/tlsca.example.com-cert.pem
+ res=0
+ set +x
[34m2018-11-14 04:08:39.423 UTC [channelCmd] InitCmdFactory -> INFO 001[0m Endorser and orderer connections initialized
[34m2018-11-14 04:08:39.514 UTC [cli/common] readBlock -> INFO 002[0m Received block: 0
===================== Channel 'mychannel' created ===================== 

Having all peers join the channel...
+ peer channel join -b mychannel.block
+ res=0
+ set +x
[34m2018-11-14 04:08:39.597 UTC [channelCmd] InitCmdFactory -> INFO 001[0m Endorser and orderer connections initialized
[34m2018-11-14 04:08:39.715 UTC [channelCmd] executeJoin -> INFO 002[0m Successfully submitted proposal to join channel
===================== peer0.org1 joined channel 'mychannel' ===================== 

+ peer channel join -b mychannel.block
+ res=0
+ set +x
[34m2018-11-14 04:08:42.809 UTC [channelCmd] InitCmdFactory -> INFO 001[0m Endorser and orderer connections initialized
[34m2018-11-14 04:08:42.933 UTC [channelCmd] executeJoin -> INFO 002[0m Successfully submitted proposal to join channel
===================== peer1.org1 joined channel 'mychannel' ===================== 

+ peer channel join -b mychannel.block
+ res=0
+ set +x
[34m2018-11-14 04:08:46.015 UTC [channelCmd] InitCmdFactory -> INFO 001[0m Endorser and orderer connections initialized
[34m2018-11-14 04:08:46.142 UTC [channelCmd] executeJoin -> INFO 002[0m Successfully submitted proposal to join channel
===================== peer0.org2 joined channel 'mychannel' ===================== 

+ peer channel join -b mychannel.block
+ res=0
+ set +x
[34m2018-11-14 04:08:49.256 UTC [channelCmd] InitCmdFactory -> INFO 001[0m Endorser and orderer connections initialized
[34m2018-11-14 04:08:49.392 UTC [channelCmd] executeJoin -> INFO 002[0m Successfully submitted proposal to join channel
===================== peer1.org2 joined channel 'mychannel' ===================== 

Updating anchor peers for org1...
+ peer channel update -o orderer.example.com:7050 -c mychannel -f ./channel-artifacts/Org1MSPanchors.tx --tls true --cafile /opt/gopath/src/github.com/hyperledger/fabric/peer/crypto/ordererOrganizations/example.com/orderers/orderer.example.com/msp/tlscacerts/tlsca.example.com-cert.pem
+ res=0
+ set +x
[34m2018-11-14 04:08:52.499 UTC [channelCmd] InitCmdFactory -> INFO 001[0m Endorser and orderer connections initialized
[34m2018-11-14 04:08:52.510 UTC [channelCmd] update -> INFO 002[0m Successfully submitted channel update
===================== Anchor peers updated for org 'Org1MSP' on channel 'mychannel' ===================== 

Updating anchor peers for org2...
+ peer channel update -o orderer.example.com:7050 -c mychannel -f ./channel-artifacts/Org2MSPanchors.tx --tls true --cafile /opt/gopath/src/github.com/hyperledger/fabric/peer/crypto/ordererOrganizations/example.com/orderers/orderer.example.com/msp/tlscacerts/tlsca.example.com-cert.pem
+ res=0
+ set +x
[34m2018-11-14 04:08:55.637 UTC [channelCmd] InitCmdFactory -> INFO 001[0m Endorser and orderer connections initialized
[34m2018-11-14 04:08:55.645 UTC [channelCmd] update -> INFO 002[0m Successfully submitted channel update
===================== Anchor peers updated for org 'Org2MSP' on channel 'mychannel' ===================== 

Installing chaincode on peer0.org1...
+ peer chaincode install -n mycc -v 1.0 -l golang -p github.com/chaincode/chaincode_example02/go/
+ res=0
+ set +x
[34m2018-11-14 04:08:58.760 UTC [chaincodeCmd] checkChaincodeCmdParams -> INFO 001[0m Using default escc
[34m2018-11-14 04:08:58.760 UTC [chaincodeCmd] checkChaincodeCmdParams -> INFO 002[0m Using default vscc
[34m2018-11-14 04:08:59.487 UTC [chaincodeCmd] install -> INFO 003[0m Installed remotely response:<status:200 payload:"OK" > 
===================== Chaincode is installed on peer0.org1 ===================== 

Install chaincode on peer0.org2...
+ peer chaincode install -n mycc -v 1.0 -l golang -p github.com/chaincode/chaincode_example02/go/
+ res=0
+ set +x
[34m2018-11-14 04:08:59.573 UTC [chaincodeCmd] checkChaincodeCmdParams -> INFO 001[0m Using default escc
[34m2018-11-14 04:08:59.573 UTC [chaincodeCmd] checkChaincodeCmdParams -> INFO 002[0m Using default vscc
[34m2018-11-14 04:08:59.708 UTC [chaincodeCmd] install -> INFO 003[0m Installed remotely response:<status:200 payload:"OK" > 
===================== Chaincode is installed on peer0.org2 ===================== 

Instantiating chaincode on peer0.org2...
+ peer chaincode instantiate -o orderer.example.com:7050 --tls true --cafile /opt/gopath/src/github.com/hyperledger/fabric/peer/crypto/ordererOrganizations/example.com/orderers/orderer.example.com/msp/tlscacerts/tlsca.example.com-cert.pem -C mychannel -n mycc -l golang -v 1.0 -c '{"Args":["init","a","100","b","200"]}' -P 'AND ('\''Org1MSP.peer'\'','\''Org2MSP.peer'\'')'
+ res=0
+ set +x
[34m2018-11-14 04:08:59.795 UTC [chaincodeCmd] checkChaincodeCmdParams -> INFO 001[0m Using default escc
[34m2018-11-14 04:08:59.795 UTC [chaincodeCmd] checkChaincodeCmdParams -> INFO 002[0m Using default vscc
===================== Chaincode is instantiated on peer0.org2 on channel 'mychannel' ===================== 

Querying chaincode on peer0.org1...
===================== Querying on peer0.org1 on channel 'mychannel'... ===================== 
Attempting to Query peer0.org1 ...3 secs
+ peer chaincode query -C mychannel -n mycc -c '{"Args":["query","a"]}'
+ res=0
+ set +x

100
===================== Query successful on peer0.org1 on channel 'mychannel' ===================== 
Sending invoke transaction on peer0.org1 peer0.org2...
+ peer chaincode invoke -o orderer.example.com:7050 --tls true --cafile /opt/gopath/src/github.com/hyperledger/fabric/peer/crypto/ordererOrganizations/example.com/orderers/orderer.example.com/msp/tlscacerts/tlsca.example.com-cert.pem -C mychannel -n mycc --peerAddresses peer0.org1.example.com:7051 --tlsRootCertFiles /opt/gopath/src/github.com/hyperledger/fabric/peer/crypto/peerOrganizations/org1.example.com/peers/peer0.org1.example.com/tls/ca.crt --peerAddresses peer0.org2.example.com:7051 --tlsRootCertFiles /opt/gopath/src/github.com/hyperledger/fabric/peer/crypto/peerOrganizations/org2.example.com/peers/peer0.org2.example.com/tls/ca.crt -c '{"Args":["invoke","a","b","10"]}'
+ res=0
+ set +x
[34m2018-11-14 04:09:52.799 UTC [chaincodeCmd] chaincodeInvokeOrQuery -> INFO 001[0m Chaincode invoke successful. result: status:200 
===================== Invoke transaction successful on peer0.org1 peer0.org2 on channel 'mychannel' ===================== 

Installing chaincode on peer1.org2...
+ peer chaincode install -n mycc -v 1.0 -l golang -p github.com/chaincode/chaincode_example02/go/
+ res=0
+ set +x
[34m2018-11-14 04:09:52.884 UTC [chaincodeCmd] checkChaincodeCmdParams -> INFO 001[0m Using default escc
[34m2018-11-14 04:09:52.884 UTC [chaincodeCmd] checkChaincodeCmdParams -> INFO 002[0m Using default vscc
[34m2018-11-14 04:09:53.020 UTC [chaincodeCmd] install -> INFO 003[0m Installed remotely response:<status:200 payload:"OK" > 
===================== Chaincode is installed on peer1.org2 ===================== 

Querying chaincode on peer1.org2...
===================== Querying on peer1.org2 on channel 'mychannel'... ===================== 
Attempting to Query peer1.org2 ...3 secs
+ peer chaincode query -C mychannel -n mycc -c '{"Args":["query","a"]}'
+ res=0
+ set +x

90
===================== Query successful on peer1.org2 on channel 'mychannel' ===================== 

========= All GOOD, BYFN execution completed =========== 


 _____   _   _   ____   
| ____| | \ | | |  _ \  
|  _|   |  \| | | | | | 
| |___  | |\  | | |_| | 
|_____| |_| \_| |____/  

